d:\fishmessenger\localmessager\release\vc120.pdb
d:\fishmessenger\localmessager\release\userdialog.obj
d:\fishmessenger\localmessager\release\uimanager.obj
d:\fishmessenger\localmessager\release\mainentry.obj
d:\fishmessenger\localmessager\release\settingsdialog.obj
d:\fishmessenger\localmessager\release\progressdialog.obj
d:\fishmessenger\localmessager\release\communicator.obj
d:\fishmessenger\localmessager\release\commander.obj
d:\keg\trunk\fishmessenger_ipv6\localmessager\release\vc120.pdb
d:\keg\trunk\fishmessenger_ipv6\localmessager\release\userdialog.obj
d:\keg\trunk\fishmessenger_ipv6\localmessager\release\uimanager.obj
d:\keg\trunk\fishmessenger_ipv6\localmessager\release\mainentry.obj
d:\keg\trunk\fishmessenger_ipv6\localmessager\release\settingsdialog.obj
d:\keg\trunk\fishmessenger_ipv6\localmessager\release\progressdialog.obj
d:\keg\trunk\fishmessenger_ipv6\localmessager\release\communicator.obj
d:\keg\trunk\fishmessenger_ipv6\localmessager\release\commander.obj
d:\fishmessenger\release\fishmessenger_x86.exe
d:\fishmessenger\release\fishmessenger_x86.pdb
d:\keg\trunk\fishmessenger_ipv6\release\fishmessenger_x86.exe
d:\keg\trunk\fishmessenger_ipv6\release\fishmessenger_x86.pdb
d:\fishmessenger\localmessager\release\localmessager.res
d:\keg\trunk\fishmessenger_ipv6\localmessager\release\localmessager.res
d:\keg\trunk\fishmessenger_ipv6\localmessager\release\fishmessenger.tlog\cl.command.1.tlog
d:\keg\trunk\fishmessenger_ipv6\localmessager\release\fishmessenger.tlog\cl.read.1.tlog
d:\keg\trunk\fishmessenger_ipv6\localmessager\release\fishmessenger.tlog\cl.write.1.tlog
d:\keg\trunk\fishmessenger_ipv6\localmessager\release\fishmessenger.tlog\link.command.1.tlog
d:\keg\trunk\fishmessenger_ipv6\localmessager\release\fishmessenger.tlog\link.read.1.tlog
d:\keg\trunk\fishmessenger_ipv6\localmessager\release\fishmessenger.tlog\link.write.1.tlog
d:\keg\trunk\fishmessenger_ipv6\localmessager\release\fishmessenger.tlog\rc.command.1.tlog
d:\keg\trunk\fishmessenger_ipv6\localmessager\release\fishmessenger.tlog\rc.read.1.tlog
d:\keg\trunk\fishmessenger_ipv6\localmessager\release\fishmessenger.tlog\rc.write.1.tlog
