Build started 11/13/2014 9:26:02 PM.
     1>Project "D:\Keg\trunk\Colin_FishMessenger_IPv6\LocalMessager\LocalMessager.vcxproj" on node 2 (Build target(s)).
     1>C:\Program Files (x86)\MSBuild\Microsoft.Cpp\v4.0\V120\Microsoft.CppBuild.targets(381,5): warning MSB8028: The intermediate directory (Release\) contains files shared from another project (FishMessenger_IPv6.vcxproj, FishMessager.vcxproj, FishMessenger.vcxproj).  This can lead to incorrect clean and rebuild behavior.
     1>ClCompile:
         C:\Program Files (x86)\Microsoft Visual Studio 12.0\VC\bin\CL.exe /c /Zi /nologo /W3 /WX- /O2 /Oi /Oy- /GL /D WIN32 /D NDEBUG /D _WINDOWS /D _CRT_SECURE_NO_WARNINGS /D _USING_V110_SDK71_ /D _UNICODE /D UNICODE /Gm- /EHsc /MT /GS /Gy /fp:precise /Zc:wchar_t /Zc:forScope /Fo"Release\\" /Fd"Release\vc120.pdb" /Gd /TP /analyze- /errorReport:prompt Commander.cpp Communicator.cpp ProgressDialog.cpp SettingsDialog.cpp MainEntry.cpp TransferIndicator.cpp UIManager.cpp UserDialog.cpp
         Commander.cpp
     1>Commander.cpp(175): warning C4996: 'swprintf': swprintf has been changed to conform with the ISO C standard, adding an extra character count parameter. To use traditional Microsoft swprintf, set _CRT_NON_CONFORMING_SWPRINTFS.
                 C:\Program Files (x86)\Microsoft Visual Studio 12.0\VC\include\swprintf.inl(85) : see declaration of 'swprintf'
         Communicator.cpp
     1>Communicator.cpp(499): warning C4995: 'wcscpy': name was marked as #pragma deprecated
     1>Communicator.cpp(513): warning C4995: 'wcscpy': name was marked as #pragma deprecated
     1>Communicator.cpp(556): warning C4995: 'wcscpy': name was marked as #pragma deprecated
     1>Communicator.cpp(627): warning C4995: 'wcscpy': name was marked as #pragma deprecated
     1>Communicator.cpp(651): warning C4995: 'wcscpy': name was marked as #pragma deprecated
     1>Communicator.cpp(654): warning C4995: 'wcscpy': name was marked as #pragma deprecated
     1>Communicator.cpp(667): warning C4995: 'wcscpy': name was marked as #pragma deprecated
     1>Communicator.cpp(673): warning C4995: 'wcscpy': name was marked as #pragma deprecated
     1>Communicator.cpp(706): warning C4995: 'swprintf': name was marked as #pragma deprecated
     1>Communicator.cpp(706): warning C4996: 'swprintf': swprintf has been changed to conform with the ISO C standard, adding an extra character count parameter. To use traditional Microsoft swprintf, set _CRT_NON_CONFORMING_SWPRINTFS.
                 C:\Program Files (x86)\Microsoft Visual Studio 12.0\VC\include\swprintf.inl(85) : see declaration of 'swprintf'
     1>Communicator.cpp(759): warning C4995: 'swprintf': name was marked as #pragma deprecated
     1>Communicator.cpp(759): warning C4996: 'swprintf': swprintf has been changed to conform with the ISO C standard, adding an extra character count parameter. To use traditional Microsoft swprintf, set _CRT_NON_CONFORMING_SWPRINTFS.
                 C:\Program Files (x86)\Microsoft Visual Studio 12.0\VC\include\swprintf.inl(85) : see declaration of 'swprintf'
     1>Communicator.cpp(815): warning C4244: 'argument' : conversion from 'std::streamsize' to 'int', possible loss of data
     1>Communicator.cpp(906): warning C4995: 'wcscpy': name was marked as #pragma deprecated
     1>Communicator.cpp(958): warning C4244: 'argument' : conversion from 'std::streamsize' to 'int', possible loss of data
     1>Communicator.cpp(1056): warning C4244: '=' : conversion from '__int64' to 'unsigned long', possible loss of data
     1>Communicator.cpp(1073): warning C4995: 'swprintf': name was marked as #pragma deprecated
     1>Communicator.cpp(1074): warning C4996: 'swprintf': swprintf has been changed to conform with the ISO C standard, adding an extra character count parameter. To use traditional Microsoft swprintf, set _CRT_NON_CONFORMING_SWPRINTFS.
                 C:\Program Files (x86)\Microsoft Visual Studio 12.0\VC\include\swprintf.inl(85) : see declaration of 'swprintf'
     1>Communicator.cpp(1100): warning C4995: 'swprintf': name was marked as #pragma deprecated
     1>Communicator.cpp(1101): warning C4996: 'swprintf': swprintf has been changed to conform with the ISO C standard, adding an extra character count parameter. To use traditional Microsoft swprintf, set _CRT_NON_CONFORMING_SWPRINTFS.
                 C:\Program Files (x86)\Microsoft Visual Studio 12.0\VC\include\swprintf.inl(85) : see declaration of 'swprintf'
     1>Communicator.cpp(1110): warning C4995: 'wcscpy': name was marked as #pragma deprecated
     1>Communicator.cpp(1134): warning C4244: '=' : conversion from '__int64' to 'int', possible loss of data
     1>Communicator.cpp(1195): warning C4244: '=' : conversion from '__int64' to 'int', possible loss of data
     1>Communicator.cpp(1280): warning C4995: 'wcscpy': name was marked as #pragma deprecated
     1>Communicator.cpp(1315): warning C4995: 'wcscpy': name was marked as #pragma deprecated
     1>Communicator.cpp(1398): warning C4995: 'wcscpy': name was marked as #pragma deprecated
         ProgressDialog.cpp
         SettingsDialog.cpp
         MainEntry.cpp
         TransferIndicator.cpp
     1>TransferIndicator.cpp(555): warning C4800: 'BOOL' : forcing value to bool 'true' or 'false' (performance warning)
     1>TransferIndicator.cpp(730): warning C4800: 'BOOL' : forcing value to bool 'true' or 'false' (performance warning)
     1>TransferIndicator.cpp(1155): warning C4996: 'swprintf': swprintf has been changed to conform with the ISO C standard, adding an extra character count parameter. To use traditional Microsoft swprintf, set _CRT_NON_CONFORMING_SWPRINTFS.
                 C:\Program Files (x86)\Microsoft Visual Studio 12.0\VC\include\swprintf.inl(85) : see declaration of 'swprintf'
         UIManager.cpp
     1>UIManager.cpp(266): warning C4244: '=' : conversion from 'float' to 'int', possible loss of data
     1>UIManager.cpp(482): warning C4101: 'pitem' : unreferenced local variable
     1>UIManager.cpp(580): warning C4244: 'argument' : conversion from 'float' to 'int', possible loss of data
     1>UIManager.cpp(596): warning C4244: 'argument' : conversion from 'float' to 'int', possible loss of data
     1>UIManager.cpp(612): warning C4244: 'argument' : conversion from 'float' to 'int', possible loss of data
         UserDialog.cpp
     1>UserDialog.cpp(162): warning C4018: '<' : signed/unsigned mismatch
     1>UserDialog.cpp(307): warning C4996: 'swprintf': swprintf has been changed to conform with the ISO C standard, adding an extra character count parameter. To use traditional Microsoft swprintf, set _CRT_NON_CONFORMING_SWPRINTFS.
                 C:\Program Files (x86)\Microsoft Visual Studio 12.0\VC\include\swprintf.inl(85) : see declaration of 'swprintf'
     1>UserDialog.cpp(487): warning C4996: 'swprintf': swprintf has been changed to conform with the ISO C standard, adding an extra character count parameter. To use traditional Microsoft swprintf, set _CRT_NON_CONFORMING_SWPRINTFS.
                 C:\Program Files (x86)\Microsoft Visual Studio 12.0\VC\include\swprintf.inl(85) : see declaration of 'swprintf'
     1>UserDialog.cpp(511): warning C4996: 'swprintf': swprintf has been changed to conform with the ISO C standard, adding an extra character count parameter. To use traditional Microsoft swprintf, set _CRT_NON_CONFORMING_SWPRINTFS.
                 C:\Program Files (x86)\Microsoft Visual Studio 12.0\VC\include\swprintf.inl(85) : see declaration of 'swprintf'
     1>UserDialog.cpp(580): warning C4996: 'swprintf': swprintf has been changed to conform with the ISO C standard, adding an extra character count parameter. To use traditional Microsoft swprintf, set _CRT_NON_CONFORMING_SWPRINTFS.
                 C:\Program Files (x86)\Microsoft Visual Studio 12.0\VC\include\swprintf.inl(85) : see declaration of 'swprintf'
     1>UserDialog.cpp(569): warning C4101: 'szTempIP' : unreferenced local variable
     1>UserDialog.cpp(633): warning C4996: 'swprintf': swprintf has been changed to conform with the ISO C standard, adding an extra character count parameter. To use traditional Microsoft swprintf, set _CRT_NON_CONFORMING_SWPRINTFS.
                 C:\Program Files (x86)\Microsoft Visual Studio 12.0\VC\include\swprintf.inl(85) : see declaration of 'swprintf'
       ResourceCompile:
         C:\Program Files (x86)\Microsoft SDKs\Windows\v7.1A\bin\rc.exe /D _USING_V110_SDK71_ /D _UNICODE /D UNICODE /l"0x0409" /nologo /fo"Release\LocalMessager.res" LocalMessager.rc 
       Link:
         C:\Program Files (x86)\Microsoft Visual Studio 12.0\VC\bin\link.exe /ERRORREPORT:PROMPT /OUT:"D:\Keg\trunk\Colin_FishMessenger_IPv6\Release\FishMessenger®_IPv6_x86.exe" /INCREMENTAL:NO /NOLOGO kernel32.lib user32.lib gdi32.lib winspool.lib comdlg32.lib advapi32.lib shell32.lib ole32.lib oleaut32.lib uuid.lib odbc32.lib odbccp32.lib /MANIFEST /MANIFESTUAC:"level='asInvoker' uiAccess='false'" /manifest:embed /DEBUG /PDB:"D:\Keg\trunk\Colin_FishMessenger_IPv6\Release\FishMessenger®_IPv6_x86.pdb" /SUBSYSTEM:WINDOWS,"5.01" /OPT:REF /OPT:ICF /LTCG /TLBID:1 /DYNAMICBASE /NXCOMPAT /IMPLIB:"D:\Keg\trunk\Colin_FishMessenger_IPv6\Release\FishMessenger®_IPv6_x86.lib" /MACHINE:X86 /SAFESEH Release\LocalMessager.res
         Release\Commander.obj
         Release\Communicator.obj
         Release\ProgressDialog.obj
         Release\SettingsDialog.obj
         Release\MainEntry.obj
         Release\TransferIndicator.obj
         Release\UIManager.obj
         Release\UserDialog.obj
         Generating code
         Finished generating code
         LocalMessager.vcxproj -> D:\Keg\trunk\Colin_FishMessenger_IPv6\Release\FishMessenger®_IPv6_x86.exe
     1>Done Building Project "D:\Keg\trunk\Colin_FishMessenger_IPv6\LocalMessager\LocalMessager.vcxproj" (Build target(s)).

Build succeeded.

Time Elapsed 00:01:06.39
