d:\fishmessenger\localmessager\x64\release\vc120.pdb
d:\fishmessenger\x64\release\fishmessenger_x64.exe
d:\fishmessenger\x64\release\fishmessenger_x64.pdb
d:\fishmessenger\localmessager\x64\release\localmessager.res
d:\fishmessenger\localmessager\x64\release\commander.obj
d:\fishmessenger\localmessager\x64\release\communicator.obj
d:\fishmessenger\localmessager\x64\release\mainentry.obj
d:\fishmessenger\localmessager\x64\release\progressdialog.obj
d:\fishmessenger\localmessager\x64\release\settingsdialog.obj
d:\fishmessenger\localmessager\x64\release\uimanager.obj
d:\fishmessenger\localmessager\x64\release\userdialog.obj
d:\fishmessenger\localmessager\x64\release\fishmessenger.tlog\cl.command.1.tlog
d:\fishmessenger\localmessager\x64\release\fishmessenger.tlog\cl.read.1.tlog
d:\fishmessenger\localmessager\x64\release\fishmessenger.tlog\cl.write.1.tlog
d:\fishmessenger\localmessager\x64\release\fishmessenger.tlog\link.command.1.tlog
d:\fishmessenger\localmessager\x64\release\fishmessenger.tlog\link.read.1.tlog
d:\fishmessenger\localmessager\x64\release\fishmessenger.tlog\link.write.1.tlog
d:\fishmessenger\localmessager\x64\release\fishmessenger.tlog\rc.command.1.tlog
d:\fishmessenger\localmessager\x64\release\fishmessenger.tlog\rc.read.1.tlog
d:\fishmessenger\localmessager\x64\release\fishmessenger.tlog\rc.write.1.tlog
