d:\keg\trunk\fishmessenger_ipv6\localmessager\x64\release\vc120.pdb
d:\keg\trunk\fishmessenger_ipv6\x64\release\fishmessenger®_x64.exe
d:\keg\trunk\fishmessenger_ipv6\x64\release\fishmessenger®_x64.pdb
d:\keg\trunk\fishmessenger_ipv6\localmessager\x64\release\localmessager.res
d:\keg\trunk\fishmessenger_ipv6\localmessager\x64\release\commander.obj
d:\keg\trunk\fishmessenger_ipv6\localmessager\x64\release\communicator.obj
d:\keg\trunk\fishmessenger_ipv6\localmessager\x64\release\mainentry.obj
d:\keg\trunk\fishmessenger_ipv6\localmessager\x64\release\progressdialog.obj
d:\keg\trunk\fishmessenger_ipv6\localmessager\x64\release\settingsdialog.obj
d:\keg\trunk\fishmessenger_ipv6\localmessager\x64\release\uimanager.obj
d:\keg\trunk\fishmessenger_ipv6\localmessager\x64\release\userdialog.obj
d:\keg\trunk\fishmessenger_ipv6\localmessager\x64\release\fishmess.9ab68300.tlog\cl.command.1.tlog
d:\keg\trunk\fishmessenger_ipv6\localmessager\x64\release\fishmess.9ab68300.tlog\cl.read.1.tlog
d:\keg\trunk\fishmessenger_ipv6\localmessager\x64\release\fishmess.9ab68300.tlog\cl.write.1.tlog
d:\keg\trunk\fishmessenger_ipv6\localmessager\x64\release\fishmess.9ab68300.tlog\link.command.1.tlog
d:\keg\trunk\fishmessenger_ipv6\localmessager\x64\release\fishmess.9ab68300.tlog\link.read.1.tlog
d:\keg\trunk\fishmessenger_ipv6\localmessager\x64\release\fishmess.9ab68300.tlog\link.write.1.tlog
d:\keg\trunk\fishmessenger_ipv6\localmessager\x64\release\fishmess.9ab68300.tlog\rc.command.1.tlog
d:\keg\trunk\fishmessenger_ipv6\localmessager\x64\release\fishmess.9ab68300.tlog\rc.read.1.tlog
d:\keg\trunk\fishmessenger_ipv6\localmessager\x64\release\fishmess.9ab68300.tlog\rc.write.1.tlog
