d:\fishmessenger\localmessager\debug\vc120.pdb
d:\fishmessenger\localmessager\debug\vc120.idb
d:\fishmessenger\localmessager\debug\commander.obj
d:\fishmessenger\localmessager\debug\communicator.obj
d:\fishmessenger\localmessager\debug\progressdialog.obj
d:\fishmessenger\localmessager\debug\settingsdialog.obj
d:\fishmessenger\localmessager\debug\mainentry.obj
d:\fishmessenger\localmessager\debug\uimanager.obj
d:\fishmessenger\localmessager\debug\userdialog.obj
d:\keg\trunk\fishmessenger_ipv6\localmessager\debug\vc120.pdb
d:\keg\trunk\fishmessenger_ipv6\localmessager\debug\vc120.idb
d:\keg\trunk\fishmessenger_ipv6\localmessager\debug\commander.obj
d:\keg\trunk\fishmessenger_ipv6\localmessager\debug\communicator.obj
d:\keg\trunk\fishmessenger_ipv6\localmessager\debug\progressdialog.obj
d:\keg\trunk\fishmessenger_ipv6\localmessager\debug\settingsdialog.obj
d:\keg\trunk\fishmessenger_ipv6\localmessager\debug\mainentry.obj
d:\keg\trunk\fishmessenger_ipv6\localmessager\debug\uimanager.obj
d:\keg\trunk\fishmessenger_ipv6\localmessager\debug\userdialog.obj
d:\fishmessenger\debug\fishmessenger_x86_debug.ilk
d:\fishmessenger\debug\fishmessenger_x86_debug.exe
d:\fishmessenger\debug\fishmessenger_x86_debug.pdb
d:\fishmessenger\localmessager\debug\localmessager.res
d:\keg\trunk\fishmessenger_ipv6\localmessager\debug\localmessager.res
d:\keg\trunk\fishmessenger_ipv6\debug\fishmessenger_x86_debug.pdb
d:\keg\trunk\fishmessenger_ipv6\debug\fishmessenger_x86_debug.exe
d:\keg\trunk\fishmessenger_ipv6\debug\fishmessenger_x86_debug.ilk
d:\keg\trunk\fishmessenger_ipv6\localmessager\debug\fishmessenger.tlog\cl.command.1.tlog
d:\keg\trunk\fishmessenger_ipv6\localmessager\debug\fishmessenger.tlog\cl.read.1.tlog
d:\keg\trunk\fishmessenger_ipv6\localmessager\debug\fishmessenger.tlog\cl.write.1.tlog
d:\keg\trunk\fishmessenger_ipv6\localmessager\debug\fishmessenger.tlog\link.4668-cvtres.read.1.tlog
d:\keg\trunk\fishmessenger_ipv6\localmessager\debug\fishmessenger.tlog\link.4668-cvtres.write.1.tlog
d:\keg\trunk\fishmessenger_ipv6\localmessager\debug\fishmessenger.tlog\link.4668-rc.read.1.tlog
d:\keg\trunk\fishmessenger_ipv6\localmessager\debug\fishmessenger.tlog\link.4668-rc.write.1.tlog
d:\keg\trunk\fishmessenger_ipv6\localmessager\debug\fishmessenger.tlog\link.4668.read.1.tlog
d:\keg\trunk\fishmessenger_ipv6\localmessager\debug\fishmessenger.tlog\link.4668.write.1.tlog
d:\keg\trunk\fishmessenger_ipv6\localmessager\debug\fishmessenger.tlog\link.command.1.tlog
d:\keg\trunk\fishmessenger_ipv6\localmessager\debug\fishmessenger.tlog\link.read.1.tlog
d:\keg\trunk\fishmessenger_ipv6\localmessager\debug\fishmessenger.tlog\link.write.1.tlog
d:\keg\trunk\fishmessenger_ipv6\localmessager\debug\fishmessenger.tlog\rc.command.1.tlog
d:\keg\trunk\fishmessenger_ipv6\localmessager\debug\fishmessenger.tlog\rc.read.1.tlog
d:\keg\trunk\fishmessenger_ipv6\localmessager\debug\fishmessenger.tlog\rc.write.1.tlog
