Build started 3/14/2014 1:02:26 AM.
     1>Project "D:\Keg\trunk\FishMessenger_IPv6\LocalMessager\LocalMessager.vcxproj" on node 2 (Build target(s)).
     1>C:\Program Files (x86)\MSBuild\Microsoft.Cpp\v4.0\V120\Microsoft.CppBuild.targets(381,5): warning MSB8028: The intermediate directory (x64\Debug\) contains files shared from another project (FishMessenger.vcxproj).  This can lead to incorrect clean and rebuild behavior.
     1>ClCompile:
         C:\Program Files (x86)\Microsoft Visual Studio 12.0\VC\bin\x86_amd64\CL.exe /c /Zi /nologo /W3 /WX- /Od /D WIN32 /D _DEBUG /D _WINDOWS /D _CRT_SECURE_NO_WARNINGS /D _UNICODE /D UNICODE /Gm /EHsc /RTC1 /MDd /GS /fp:precise /Zc:wchar_t /Zc:forScope /Fo"x64\Debug\\" /Fd"x64\Debug\vc120.pdb" /Gd /TP /errorReport:prompt Commander.cpp Communicator.cpp ProgressDialog.cpp SettingsDialog.cpp MainEntry.cpp UIManager.cpp UserDialog.cpp
         UserDialog.cpp
     1>UserDialog.cpp(162): warning C4018: '<' : signed/unsigned mismatch
     1>UserDialog.cpp(307): warning C4996: 'swprintf': swprintf has been changed to conform with the ISO C standard, adding an extra character count parameter. To use traditional Microsoft swprintf, set _CRT_NON_CONFORMING_SWPRINTFS.
                 C:\Program Files (x86)\Microsoft Visual Studio 12.0\VC\include\swprintf.inl(85) : see declaration of 'swprintf'
     1>UserDialog.cpp(487): warning C4996: 'swprintf': swprintf has been changed to conform with the ISO C standard, adding an extra character count parameter. To use traditional Microsoft swprintf, set _CRT_NON_CONFORMING_SWPRINTFS.
                 C:\Program Files (x86)\Microsoft Visual Studio 12.0\VC\include\swprintf.inl(85) : see declaration of 'swprintf'
     1>UserDialog.cpp(511): warning C4996: 'swprintf': swprintf has been changed to conform with the ISO C standard, adding an extra character count parameter. To use traditional Microsoft swprintf, set _CRT_NON_CONFORMING_SWPRINTFS.
                 C:\Program Files (x86)\Microsoft Visual Studio 12.0\VC\include\swprintf.inl(85) : see declaration of 'swprintf'
     1>UserDialog.cpp(576): warning C4267: 'argument' : conversion from 'size_t' to 'int', possible loss of data
     1>UserDialog.cpp(578): warning C4996: 'swprintf': swprintf has been changed to conform with the ISO C standard, adding an extra character count parameter. To use traditional Microsoft swprintf, set _CRT_NON_CONFORMING_SWPRINTFS.
                 C:\Program Files (x86)\Microsoft Visual Studio 12.0\VC\include\swprintf.inl(85) : see declaration of 'swprintf'
     1>UserDialog.cpp(626): warning C4267: 'argument' : conversion from 'size_t' to 'int', possible loss of data
     1>UserDialog.cpp(628): warning C4267: 'initializing' : conversion from 'size_t' to 'int', possible loss of data
     1>UserDialog.cpp(631): warning C4996: 'swprintf': swprintf has been changed to conform with the ISO C standard, adding an extra character count parameter. To use traditional Microsoft swprintf, set _CRT_NON_CONFORMING_SWPRINTFS.
                 C:\Program Files (x86)\Microsoft Visual Studio 12.0\VC\include\swprintf.inl(85) : see declaration of 'swprintf'
     1>UserDialog.cpp(633): warning C4267: '=' : conversion from 'size_t' to 'int', possible loss of data
         UIManager.cpp
     1>UIManager.cpp(398): warning C4800: 'BOOL' : forcing value to bool 'true' or 'false' (performance warning)
     1>UIManager.cpp(418): warning C4101: 'pitem' : unreferenced local variable
     1>UIManager.cpp(550): warning C4244: 'argument' : conversion from 'float' to 'int', possible loss of data
     1>UIManager.cpp(566): warning C4244: 'argument' : conversion from 'float' to 'int', possible loss of data
     1>UIManager.cpp(582): warning C4244: 'argument' : conversion from 'float' to 'int', possible loss of data
         MainEntry.cpp
     1>MainEntry.cpp(101): warning C4244: 'return' : conversion from 'WPARAM' to 'int', possible loss of data
         SettingsDialog.cpp
         ProgressDialog.cpp
         Communicator.cpp
     1>Communicator.cpp(704): warning C4996: 'swprintf': swprintf has been changed to conform with the ISO C standard, adding an extra character count parameter. To use traditional Microsoft swprintf, set _CRT_NON_CONFORMING_SWPRINTFS.
                 C:\Program Files (x86)\Microsoft Visual Studio 12.0\VC\include\swprintf.inl(85) : see declaration of 'swprintf'
     1>Communicator.cpp(760): warning C4244: 'argument' : conversion from 'std::streamsize' to 'int', possible loss of data
     1>Communicator.cpp(902): warning C4244: 'argument' : conversion from 'std::streamsize' to 'int', possible loss of data
     1>Communicator.cpp(996): warning C4267: '=' : conversion from 'size_t' to 'unsigned long', possible loss of data
     1>Communicator.cpp(1014): warning C4996: 'swprintf': swprintf has been changed to conform with the ISO C standard, adding an extra character count parameter. To use traditional Microsoft swprintf, set _CRT_NON_CONFORMING_SWPRINTFS.
                 C:\Program Files (x86)\Microsoft Visual Studio 12.0\VC\include\swprintf.inl(85) : see declaration of 'swprintf'
     1>Communicator.cpp(1040): warning C4996: 'swprintf': swprintf has been changed to conform with the ISO C standard, adding an extra character count parameter. To use traditional Microsoft swprintf, set _CRT_NON_CONFORMING_SWPRINTFS.
                 C:\Program Files (x86)\Microsoft Visual Studio 12.0\VC\include\swprintf.inl(85) : see declaration of 'swprintf'
     1>Communicator.cpp(1072): warning C4244: '=' : conversion from '__int64' to 'int', possible loss of data
     1>Communicator.cpp(1131): warning C4244: '=' : conversion from '__int64' to 'int', possible loss of data
         Commander.cpp
     1>Commander.cpp(172): warning C4996: 'swprintf': swprintf has been changed to conform with the ISO C standard, adding an extra character count parameter. To use traditional Microsoft swprintf, set _CRT_NON_CONFORMING_SWPRINTFS.
                 C:\Program Files (x86)\Microsoft Visual Studio 12.0\VC\include\swprintf.inl(85) : see declaration of 'swprintf'
         Generating Code...
       ResourceCompile:
         C:\Program Files (x86)\Windows Kits\8.1\bin\x86\rc.exe /D _UNICODE /D UNICODE /l"0x0409" /nologo /fo"x64\Debug\LocalMessager.res" LocalMessager.rc 
       Link:
         C:\Program Files (x86)\Microsoft Visual Studio 12.0\VC\bin\x86_amd64\link.exe /ERRORREPORT:PROMPT /OUT:"D:\Keg\trunk\FishMessenger_IPv6\x64\Debug\FishMessenger_IPv6_x64_Debug.exe" /INCREMENTAL /NOLOGO kernel32.lib user32.lib gdi32.lib winspool.lib comdlg32.lib advapi32.lib shell32.lib ole32.lib oleaut32.lib uuid.lib odbc32.lib odbccp32.lib /MANIFEST /MANIFESTUAC:"level='asInvoker' uiAccess='false'" /manifest:embed /DEBUG /PDB:"D:\Keg\trunk\FishMessenger_IPv6\x64\Debug\FishMessenger_IPv6_x64_Debug.pdb" /SUBSYSTEM:WINDOWS /TLBID:1 /DYNAMICBASE /NXCOMPAT /IMPLIB:"D:\Keg\trunk\FishMessenger_IPv6\x64\Debug\FishMessenger_IPv6_x64_Debug.lib" /MACHINE:X64 x64\Debug\LocalMessager.res
         x64\Debug\Commander.obj
         x64\Debug\Communicator.obj
         x64\Debug\ProgressDialog.obj
         x64\Debug\SettingsDialog.obj
         x64\Debug\MainEntry.obj
         x64\Debug\UIManager.obj
         x64\Debug\UserDialog.obj
         LocalMessager.vcxproj -> D:\Keg\trunk\FishMessenger_IPv6\x64\Debug\FishMessenger_IPv6_x64_Debug.exe
     1>Done Building Project "D:\Keg\trunk\FishMessenger_IPv6\LocalMessager\LocalMessager.vcxproj" (Build target(s)).

Build succeeded.

Time Elapsed 00:00:09.73
