C:\USERS\LI\DESKTOP\孟老师代码\0209排序\0209排序\DEBUG\01_BUBBLESORT.OBJ
C:\USERS\LI\DESKTOP\孟老师代码\0209排序\0209排序\DEBUG\02_SELECTSORT.OBJ
C:\USERS\LI\DESKTOP\孟老师代码\0209排序\0209排序\DEBUG\03_INSERTSORT.OBJ
C:\USERS\LI\DESKTOP\孟老师代码\0209排序\0209排序\DEBUG\04_COUNTSORT.OBJ
C:\USERS\LI\DESKTOP\孟老师代码\0209排序\0209排序\DEBUG\05_QUICKSORT.OBJ
C:\USERS\LI\DESKTOP\孟老师代码\0209排序\0209排序\DEBUG\06_SHELLSORT.OBJ
C:\USERS\LI\DESKTOP\孟老师代码\0209排序\0209排序\DEBUG\07_MERGESORT.OBJ
C:\USERS\LI\DESKTOP\孟老师代码\0209排序\0209排序\DEBUG\08_HEAPSORT.OBJ
C:\USERS\LI\DESKTOP\孟老师代码\0209排序\0209排序\DEBUG\VC110.PDB
C:\USERS\LI\DESKTOP\孟老师代码\0209排序\DEBUG\0209排序.ILK
C:\USERS\LI\DESKTOP\孟老师代码\0209排序\DEBUG\0209排序.EXE
C:\USERS\LI\DESKTOP\孟老师代码\0209排序\DEBUG\0209排序.PDB
C:\Users\li\Desktop\孟老师代码\0209排序\0209排序\Debug\01_BubbleSort.obj
C:\Users\li\Desktop\孟老师代码\0209排序\0209排序\Debug\02_SelectSort.obj
C:\Users\li\Desktop\孟老师代码\0209排序\0209排序\Debug\03_InsertSort.obj
C:\Users\li\Desktop\孟老师代码\0209排序\0209排序\Debug\04_CountSort.obj
C:\Users\li\Desktop\孟老师代码\0209排序\0209排序\Debug\05_QuickSort.obj
C:\Users\li\Desktop\孟老师代码\0209排序\0209排序\Debug\06_ShellSort.obj
C:\Users\li\Desktop\孟老师代码\0209排序\0209排序\Debug\07_MergeSort.obj
C:\Users\li\Desktop\孟老师代码\0209排序\0209排序\Debug\08_HeapSort.obj
C:\Users\li\Desktop\孟老师代码\0209排序\0209排序\Debug\cl.command.1.tlog
C:\Users\li\Desktop\孟老师代码\0209排序\0209排序\Debug\CL.read.1.tlog
C:\Users\li\Desktop\孟老师代码\0209排序\0209排序\Debug\CL.write.1.tlog
C:\Users\li\Desktop\孟老师代码\0209排序\0209排序\Debug\link-cvtres.read.1.tlog
C:\Users\li\Desktop\孟老师代码\0209排序\0209排序\Debug\link-cvtres.write.1.tlog
C:\Users\li\Desktop\孟老师代码\0209排序\0209排序\Debug\link-rc.read.1.tlog
C:\Users\li\Desktop\孟老师代码\0209排序\0209排序\Debug\link-rc.write.1.tlog
C:\Users\li\Desktop\孟老师代码\0209排序\0209排序\Debug\link.command.1.tlog
C:\Users\li\Desktop\孟老师代码\0209排序\0209排序\Debug\link.read.1.tlog
C:\Users\li\Desktop\孟老师代码\0209排序\0209排序\Debug\link.write.1.tlog
C:\Users\li\Desktop\孟老师代码\0209排序\0209排序\Debug\vc110.idb
C:\Users\li\Desktop\孟老师代码\0209排序\0209排序\Debug\vc110.pdb
C:\Users\li\Desktop\孟老师代码\0209排序\Debug\0209排序.pdb
C:\Users\li\Desktop\孟老师代码\0209排序\Debug\0209排序.exe
C:\Users\li\Desktop\孟老师代码\0209排序\Debug\0209排序.ilk
