d:\projects\localmessager\x64\release\vc120.pdb
d:\projects\localmessager\x64\release\userdialog.obj
d:\projects\localmessager\x64\release\uimanager.obj
d:\projects\localmessager\x64\release\source.obj
d:\projects\localmessager\x64\release\settingsdialog.obj
d:\projects\localmessager\x64\release\progressdialog.obj
d:\projects\localmessager\x64\release\communicator.obj
d:\projects\localmessager\x64\release\commander.obj
d:\projects\x64\release\fishmessager_x64.exe
d:\projects\x64\release\fishmessager_x64.pdb
d:\projects\localmessager\x64\release\localmessager.res
d:\projects\localmessager\x64\release\fishmessager.tlog\cl.command.1.tlog
d:\projects\localmessager\x64\release\fishmessager.tlog\cl.read.1.tlog
d:\projects\localmessager\x64\release\fishmessager.tlog\cl.write.1.tlog
d:\projects\localmessager\x64\release\fishmessager.tlog\link.command.1.tlog
d:\projects\localmessager\x64\release\fishmessager.tlog\link.read.1.tlog
d:\projects\localmessager\x64\release\fishmessager.tlog\link.write.1.tlog
d:\projects\localmessager\x64\release\fishmessager.tlog\rc.command.1.tlog
d:\projects\localmessager\x64\release\fishmessager.tlog\rc.read.1.tlog
d:\projects\localmessager\x64\release\fishmessager.tlog\rc.write.1.tlog
