D:\TESTING\PROJECTS\LOCALMESSAGER\X64\RELEASE\COMMANDER.OBJ
D:\TESTING\PROJECTS\LOCALMESSAGER\X64\RELEASE\SOURCE.OBJ
D:\TESTING\PROJECTS\LOCALMESSAGER\X64\RELEASE\UIMANAGER.OBJ
D:\TESTING\PROJECTS\LOCALMESSAGER\X64\RELEASE\COMMUNICATOR.OBJ
D:\TESTING\PROJECTS\LOCALMESSAGER\X64\RELEASE\USERDIALOG.OBJ
D:\TESTING\PROJECTS\LOCALMESSAGER\X64\RELEASE\VC110.PDB
D:\TESTING\PROJECTS\X64\RELEASE\LOCALMESSAGER.EXE
D:\TESTING\PROJECTS\X64\RELEASE\LOCALMESSAGER.PDB
D:\TESTING\PROJECTS\LOCALMESSAGER\X64\RELEASE\LOCALMESSAGER.RES
D:\Testing\Projects\LocalMessager\x64\Release\Commander.obj
D:\Testing\Projects\LocalMessager\x64\Release\Communicator.obj
D:\Testing\Projects\LocalMessager\x64\Release\Source.obj
D:\Testing\Projects\LocalMessager\x64\Release\UIManager.obj
D:\Testing\Projects\LocalMessager\x64\Release\UserDialog.obj
D:\Testing\Projects\LocalMessager\x64\Release\cl.command.1.tlog
D:\Testing\Projects\LocalMessager\x64\Release\CL.read.1.tlog
D:\Testing\Projects\LocalMessager\x64\Release\CL.write.1.tlog
D:\Testing\Projects\LocalMessager\x64\Release\link-cvtres.read.1.tlog
D:\Testing\Projects\LocalMessager\x64\Release\link-cvtres.write.1.tlog
D:\Testing\Projects\LocalMessager\x64\Release\link-rc.read.1.tlog
D:\Testing\Projects\LocalMessager\x64\Release\link-rc.write.1.tlog
D:\Testing\Projects\LocalMessager\x64\Release\link.command.1.tlog
D:\Testing\Projects\LocalMessager\x64\Release\link.read.1.tlog
D:\Testing\Projects\LocalMessager\x64\Release\link.read.6.tlog
D:\Testing\Projects\LocalMessager\x64\Release\link.write.1.tlog
D:\Testing\Projects\LocalMessager\x64\Release\rc.command.1.tlog
D:\Testing\Projects\LocalMessager\x64\Release\rc.read.1.tlog
D:\Testing\Projects\LocalMessager\x64\Release\rc.write.1.tlog
D:\Testing\Projects\LocalMessager\x64\Release\LocalMessager.res
D:\Testing\Projects\LocalMessager\x64\Release\vc110.idb
D:\Testing\Projects\LocalMessager\x64\Release\vc110.pdb
D:\Testing\Projects\LocalMessager\x64\Release\vc110_ib_1.pdb
D:\Testing\Projects\LocalMessager\x64\Release\vc110_ib_2.pdb
D:\Testing\Projects\LocalMessager\x64\Release\vc110_ib_3.pdb
D:\Testing\Projects\LocalMessager\x64\Release\vc110_ib_4.pdb
D:\Testing\Projects\x64\Release\LocalMessager.pdb
D:\Testing\Projects\x64\Release\LocalMessager.exe
