d:\keg\trunk\fishmessenger_ipv6\localmessager\debug\vc120.pdb
d:\keg\trunk\fishmessenger_ipv6\localmessager\debug\vc120.idb
d:\keg\trunk\fishmessenger_ipv6\localmessager\debug\commander.obj
d:\keg\trunk\fishmessenger_ipv6\localmessager\debug\communicator.obj
d:\keg\trunk\fishmessenger_ipv6\localmessager\debug\progressdialog.obj
d:\keg\trunk\fishmessenger_ipv6\localmessager\debug\settingsdialog.obj
d:\keg\trunk\fishmessenger_ipv6\localmessager\debug\mainentry.obj
d:\keg\trunk\fishmessenger_ipv6\localmessager\debug\uimanager.obj
d:\keg\trunk\fishmessenger_ipv6\localmessager\debug\userdialog.obj
d:\keg\trunk\fishmessenger_ipv6\debug\fishmessenger_ipv6_x86_debug.ilk
d:\keg\trunk\fishmessenger_ipv6\debug\fishmessenger_ipv6_x86_debug.exe
d:\keg\trunk\fishmessenger_ipv6\debug\fishmessenger_ipv6_x86_debug.pdb
d:\keg\trunk\fishmessenger_ipv6\localmessager\debug\localmessager.res
d:\keg\trunk\fishmessenger_ipv6\localmessager\debug\fishmess.9ab68300.tlog\cl.command.1.tlog
d:\keg\trunk\fishmessenger_ipv6\localmessager\debug\fishmess.9ab68300.tlog\cl.read.1.tlog
d:\keg\trunk\fishmessenger_ipv6\localmessager\debug\fishmess.9ab68300.tlog\cl.write.1.tlog
d:\keg\trunk\fishmessenger_ipv6\localmessager\debug\fishmess.9ab68300.tlog\link.command.1.tlog
d:\keg\trunk\fishmessenger_ipv6\localmessager\debug\fishmess.9ab68300.tlog\link.read.1.tlog
d:\keg\trunk\fishmessenger_ipv6\localmessager\debug\fishmess.9ab68300.tlog\link.write.1.tlog
d:\keg\trunk\fishmessenger_ipv6\localmessager\debug\fishmess.9ab68300.tlog\rc.command.1.tlog
d:\keg\trunk\fishmessenger_ipv6\localmessager\debug\fishmess.9ab68300.tlog\rc.read.1.tlog
d:\keg\trunk\fishmessenger_ipv6\localmessager\debug\fishmess.9ab68300.tlog\rc.write.1.tlog
