生成启动时间为 2017/8/29 14:37:42。
     1>项目“E:\孟老师代码\0209排序\0209排序\0209排序.vcxproj”在节点 2 上(Build 个目标)。
     1>ClCompile:
         C:\Program Files (x86)\Microsoft Visual Studio 11.0\VC\bin\CL.exe /c /ZI /nologo /W3 /WX- /Od /Oy- /D WIN32 /D _DEBUG /D _CONSOLE /D _UNICODE /D UNICODE /Gm /EHsc /RTC1 /MDd /GS /fp:precise /Zc:wchar_t /Zc:forScope /Fo"Debug\\" /Fd"Debug\vc110.pdb" /Gd /TC /analyze- /errorReport:prompt 05_QuickSort.c
         05_QuickSort.c
       Link:
         C:\Program Files (x86)\Microsoft Visual Studio 11.0\VC\bin\link.exe /ERRORREPORT:PROMPT /OUT:"E:\孟老师代码\0209排序\Debug\0209排序.exe" /INCREMENTAL /NOLOGO kernel32.lib user32.lib gdi32.lib winspool.lib comdlg32.lib advapi32.lib shell32.lib ole32.lib oleaut32.lib uuid.lib odbc32.lib odbccp32.lib /MANIFEST /MANIFESTUAC:"level='asInvoker' uiAccess='false'" /manifest:embed /DEBUG /PDB:"E:\孟老师代码\0209排序\Debug\0209排序.pdb" /SUBSYSTEM:CONSOLE /TLBID:1 /DYNAMICBASE /NXCOMPAT /IMPLIB:"E:\孟老师代码\0209排序\Debug\0209排序.lib" /MACHINE:X86 Debug\01_BubbleSort.obj
         Debug\02_SelectSort.obj
         Debug\03_InsertSort.obj
         Debug\04_CountSort.obj
         Debug\05_QuickSort.obj
         Debug\06_ShellSort.obj
         Debug\07_MergeSort.obj
         Debug\08_HeapSort.obj
         Debug\09_BucketSort.obj
         Debug\10_RadixSort.obj
         0209排序.vcxproj -> E:\孟老师代码\0209排序\Debug\0209排序.exe
     1>已完成生成项目“E:\孟老师代码\0209排序\0209排序\0209排序.vcxproj”(Build 个目标)的操作。

生成成功。

已用时间 00:00:01.04
